Using pre-set license

 COMMAND LINE ARGUMENTS:
/Applications/Unity/Hub/Editor/2020.3.11f1/Unity.app/Contents/MacOS/Unity
-adb2
-batchMode
-noUpm
-name
AssetImportWorker0
-projectPath
/Users/rikoshiomoto/Documents/GitHub/Demo001/DemoGame001
-logFile
Logs/AssetImportWorker0.log
-srvPort
59309
Successfully changed project path to: /Users/rikoshiomoto/Documents/GitHub/Demo001/DemoGame001
/Users/rikoshiomoto/Documents/GitHub/Demo001/DemoGame001
Using Asset Import Pipeline V2.
Refreshing native plugins compatible for Editor in 672.36 ms, found 4 plugins.
Preloading 1 native plugins for Editor in 15.93 ms.
Initialize engine version: 2020.3.11f1 (99c7afb366b3)
[Subsystems] Discovering subsystems at path /Applications/Unity/Hub/Editor/2020.3.11f1/Unity.app/Contents/Resources/UnitySubsystems
[Subsystems] Discovering subsystems at path /Users/rikoshiomoto/Documents/GitHub/Demo001/DemoGame001/Assets
GfxDevice: creating device client; threaded=0
2021-08-26 15:34:14.658 Unity[58918:1451903] Color LCD preferred device: Intel(R) Iris(TM) Plus Graphics 640 (low power)
2021-08-26 15:34:14.659 Unity[58918:1451903] Metal devices available: 1
2021-08-26 15:34:14.659 Unity[58918:1451903] 0: Intel(R) Iris(TM) Plus Graphics 640 (low power)
2021-08-26 15:34:14.683 Unity[58918:1451903] Using device Intel(R) Iris(TM) Plus Graphics 640 (low power)
Initializing Metal device caps: Intel(R) Iris(TM) Plus Graphics 640
Shader 'Oculus/OVRMRCameraFrameLit': fallback shader 'Alpha-Diffuse' not found
Initialize mono
Mono path[0] = '/Applications/Unity/Hub/Editor/2020.3.11f1/Unity.app/Contents/Managed'
Mono path[1] = '/Applications/Unity/Hub/Editor/2020.3.11f1/Unity.app/Contents/MonoBleedingEdge/lib/mono/unityjit'
Mono config path = '/Applications/Unity/Hub/Editor/2020.3.11f1/Unity.app/Contents/MonoBleedingEdge/etc'
Using monoOptions --debugger-agent=transport=dt_socket,embedding=1,server=y,suspend=n,address=127.0.0.1:56918
Begin MonoManager ReloadAssembly
Registering precompiled unity dll's ...
Register platform support module: /Applications/Unity/Hub/Editor/2020.3.11f1/PlaybackEngines/WebGLSupport/UnityEditor.WebGL.Extensions.dll
Register platform support module: /Applications/Unity/Hub/Editor/2020.3.11f1/Unity.app/Contents/PlaybackEngines/MacStandaloneSupport/UnityEditor.OSXStandalone.Extensions.dll
Registered in 0.004852 seconds.
Native extension for OSXStandalone target not found
Native extension for WebGL target not found
Refreshing native plugins compatible for Editor in 60.72 ms, found 4 plugins.
Preloading 1 native plugins for Editor in 0.61 ms.
Mono: successfully reloaded assembly
- Completed reload, in  3.404 seconds
Platform modules already initialized, skipping
Registering precompiled user dll's ...
Registered in 0.010329 seconds.
Begin MonoManager ReloadAssembly
Native extension for OSXStandalone target not found
Native extension for WebGL target not found
Refreshing native plugins compatible for Editor in 0.80 ms, found 4 plugins.
Preloading 1 native plugins for Editor in 0.53 ms.
Mono: successfully reloaded assembly
- Completed reload, in  1.601 seconds
Platform modules already initialized, skipping
========================================================================
Worker process is ready to serve import requests
Shader 'Oculus/OVRMRCameraFrameLit': fallback shader 'Alpha-Diffuse' not found
Launching external process: /Applications/Unity/Hub/Editor/2020.3.11f1/Unity.app/Contents/Tools/UnityShaderCompiler
Launched and connected shader compiler UnityShaderCompiler after 0.03 seconds
Refreshing native plugins compatible for Editor in 0.76 ms, found 4 plugins.
Preloading 1 native plugins for Editor in 0.50 ms.
Unloading 2166 Unused Serialized files (Serialized files now loaded: 0)
System memory in use before: 190.1 MB.
System memory in use after: 189.4 MB.

Unloading 45 unused Assets to reduce memory usage. Loaded Objects now: 2591.
Total: 3.021079 ms (FindLiveObjects: 0.252529 ms CreateObjectMapping: 0.089064 ms MarkObjects: 1.946967 ms  DeleteObjects: 0.731491 ms)

========================================================================
Received Import Request.
  path: Assets/Scripts/Ugoki_KJ3.cs
  artifactKey: Guid(0f58ae66ebf4d4bcab22a426b9b2d820) Importer(815301076,1909f56bfc062723c751e8b465ee728b)
Start importing Assets/Scripts/Ugoki_KJ3.cs using Guid(0f58ae66ebf4d4bcab22a426b9b2d820) Importer(815301076,1909f56bfc062723c751e8b465ee728b)  -> (artifact id: '5233319b5976873727f34057d1c74982') in 0.807815 seconds
  Import took 0.819242 seconds .

========================================================================
Received Prepare
Shader 'Oculus/OVRMRCameraFrameLit': fallback shader 'Alpha-Diffuse' not found
Refreshing native plugins compatible for Editor in 222.31 ms, found 4 plugins.
Preloading 1 native plugins for Editor in 1.29 ms.
Unloading 37 Unused Serialized files (Serialized files now loaded: 0)
System memory in use before: 147.3 MB.
System memory in use after: 146.6 MB.

Unloading 37 unused Assets to reduce memory usage. Loaded Objects now: 2591.
Total: 61.073537 ms (FindLiveObjects: 0.974269 ms CreateObjectMapping: 0.119697 ms MarkObjects: 59.148716 ms  DeleteObjects: 0.829359 ms)

========================================================================
Received Import Request.
  Time since last request: 53801.268670 seconds.
  path: Assets/Scenes/New Scene.unity
  artifactKey: Guid(0c60aba6f532e431f9012b51f7ab1e0d) Importer(815301076,1909f56bfc062723c751e8b465ee728b)
Start importing Assets/Scenes/New Scene.unity using Guid(0c60aba6f532e431f9012b51f7ab1e0d) Importer(815301076,1909f56bfc062723c751e8b465ee728b)  -> (artifact id: '0f4fd76ed30c663a3bba023d82b58623') in 0.200599 seconds
  Import took 0.283497 seconds .

========================================================================
Received Import Request.
  Time since last request: 1417.826926 seconds.
  path: Assets/Scenes/StartGamen.unity
  artifactKey: Guid(0c60aba6f532e431f9012b51f7ab1e0d) Importer(815301076,1909f56bfc062723c751e8b465ee728b)
Start importing Assets/Scenes/StartGamen.unity using Guid(0c60aba6f532e431f9012b51f7ab1e0d) Importer(815301076,1909f56bfc062723c751e8b465ee728b)  -> (artifact id: '2bff84931eae602ffaf84fbcbbc17363') in 0.018171 seconds
  Import took 0.078890 seconds .

========================================================================
Received Import Request.
  Time since last request: 11.055029 seconds.
  path: Assets/Scenes/Kenjuu.unity
  artifactKey: Guid(9fc0d4010bbf28b4594072e72b8655ab) Importer(815301076,1909f56bfc062723c751e8b465ee728b)
Start importing Assets/Scenes/Kenjuu.unity using Guid(9fc0d4010bbf28b4594072e72b8655ab) Importer(815301076,1909f56bfc062723c751e8b465ee728b)  -> (artifact id: '93780defd57c56cf72b741867d2ac96c') in 0.006700 seconds
  Import took 0.046232 seconds .

========================================================================
Received Import Request.
  Time since last request: 7.717471 seconds.
  path: Assets/Scripts/Furueru1.cs
  artifactKey: Guid(04e4acff371a1413a93f90d6b1dfffb0) Importer(815301076,1909f56bfc062723c751e8b465ee728b)
Start importing Assets/Scripts/Furueru1.cs using Guid(04e4acff371a1413a93f90d6b1dfffb0) Importer(815301076,1909f56bfc062723c751e8b465ee728b)  -> (artifact id: '4730cb947abd3b7c0325f5c4e5a02d9e') in 0.062828 seconds
  Import took 0.068913 seconds .

========================================================================
Received Import Request.
  Time since last request: 0.003622 seconds.
  path: Assets/Scripts/Furueru1.cs
  artifactKey: Guid(04e4acff371a1413a93f90d6b1dfffb0) Importer(815301076,1909f56bfc062723c751e8b465ee728b)
Start importing Assets/Scripts/Furueru1.cs using Guid(04e4acff371a1413a93f90d6b1dfffb0) Importer(815301076,1909f56bfc062723c751e8b465ee728b)  -> (artifact id: '4730cb947abd3b7c0325f5c4e5a02d9e') in 0.002125 seconds
  Import took 0.026076 seconds .

========================================================================
Received Import Request.
  Time since last request: 1.419263 seconds.
  path: Assets/Scripts/Furueru2.cs
  artifactKey: Guid(e56f9b40dc00b4223a2f53c56218d685) Importer(815301076,1909f56bfc062723c751e8b465ee728b)
Start importing Assets/Scripts/Furueru2.cs using Guid(e56f9b40dc00b4223a2f53c56218d685) Importer(815301076,1909f56bfc062723c751e8b465ee728b)  -> (artifact id: '5ea3da3f52a3fc66805bde6ad31d22a7') in 0.009122 seconds
  Import took 0.026729 seconds .

========================================================================
Received Prepare
Registering precompiled user dll's ...
Registered in 0.029113 seconds.
Begin MonoManager ReloadAssembly
Native extension for OSXStandalone target not found
Native extension for WebGL target not found
Refreshing native plugins compatible for Editor in 1.42 ms, found 4 plugins.
Preloading 1 native plugins for Editor in 2.31 ms.
Mono: successfully reloaded assembly
- Completed reload, in  3.746 seconds
Platform modules already initialized, skipping
Switching build target platform(2) subTarget(0) extendedPlatform(0) -> platform(13) subTarget(524294) extendedPlatform(0)
Shader 'Oculus/OVRMRCameraFrameLit': fallback shader 'Alpha-Diffuse' not found
Refreshing native plugins compatible for Editor in 1.14 ms, found 4 plugins.
Preloading 1 native plugins for Editor in 0.77 ms.
Unloading 2089 Unused Serialized files (Serialized files now loaded: 0)
System memory in use before: 189.4 MB.
System memory in use after: 188.7 MB.

Unloading 40 unused Assets to reduce memory usage. Loaded Objects now: 2595.
Total: 8.374007 ms (FindLiveObjects: 2.264511 ms CreateObjectMapping: 0.223109 ms MarkObjects: 4.709845 ms  DeleteObjects: 1.174471 ms)

AssetImportParameters requested are different than current active one (requested -> active):
  custom:graphics/normal-map-encoding: 01000000000000000000000000000000 -> 02000000000000000000000000000000
========================================================================
Received Prepare
Shader 'Oculus/OVRMRCameraFrameLit': fallback shader 'Alpha-Diffuse' not found
Refreshing native plugins compatible for Editor in 146.19 ms, found 4 plugins.
Preloading 1 native plugins for Editor in 1.32 ms.
Unloading 37 Unused Serialized files (Serialized files now loaded: 0)
System memory in use before: 148.8 MB.
System memory in use after: 148.1 MB.

Unloading 37 unused Assets to reduce memory usage. Loaded Objects now: 2595.
Total: 20.488318 ms (FindLiveObjects: 0.757037 ms CreateObjectMapping: 0.120981 ms MarkObjects: 18.767644 ms  DeleteObjects: 0.841250 ms)

========================================================================
Received Prepare
Registering precompiled user dll's ...
Registered in 0.005635 seconds.
Begin MonoManager ReloadAssembly
Native extension for OSXStandalone target not found
Native extension for WebGL target not found
Refreshing native plugins compatible for Editor in 0.79 ms, found 4 plugins.
Preloading 1 native plugins for Editor in 0.82 ms.
Mono: successfully reloaded assembly
- Completed reload, in  1.562 seconds
Platform modules already initialized, skipping
Switching build target platform(2) subTarget(0) extendedPlatform(0) -> platform(13) subTarget(524294) extendedPlatform(0)
Shader 'Oculus/OVRMRCameraFrameLit': fallback shader 'Alpha-Diffuse' not found
Refreshing native plugins compatible for Editor in 0.88 ms, found 4 plugins.
Preloading 1 native plugins for Editor in 0.52 ms.
Unloading 2089 Unused Serialized files (Serialized files now loaded: 0)
System memory in use before: 189.7 MB.
System memory in use after: 189.0 MB.

Unloading 40 unused Assets to reduce memory usage. Loaded Objects now: 2599.
Total: 3.611834 ms (FindLiveObjects: 0.313678 ms CreateObjectMapping: 0.099792 ms MarkObjects: 2.326326 ms  DeleteObjects: 0.870934 ms)

AssetImportParameters requested are different than current active one (requested -> active):
  custom:graphics/normal-map-encoding: 01000000000000000000000000000000 -> 02000000000000000000000000000000
========================================================================
Received Prepare
Registering precompiled user dll's ...
Registered in 0.013915 seconds.
Begin MonoManager ReloadAssembly
Native extension for OSXStandalone target not found
Native extension for WebGL target not found
Refreshing native plugins compatible for Editor in 0.90 ms, found 4 plugins.
Preloading 1 native plugins for Editor in 0.66 ms.
Mono: successfully reloaded assembly
- Completed reload, in  1.327 seconds
Platform modules already initialized, skipping
Switching build target platform(2) subTarget(0) extendedPlatform(0) -> platform(13) subTarget(524294) extendedPlatform(0)
Shader 'Oculus/OVRMRCameraFrameLit': fallback shader 'Alpha-Diffuse' not found
Refreshing native plugins compatible for Editor in 0.94 ms, found 4 plugins.
Preloading 1 native plugins for Editor in 0.77 ms.
Unloading 2089 Unused Serialized files (Serialized files now loaded: 0)
System memory in use before: 189.9 MB.
System memory in use after: 189.2 MB.

Unloading 40 unused Assets to reduce memory usage. Loaded Objects now: 2603.
Total: 3.097938 ms (FindLiveObjects: 0.229504 ms CreateObjectMapping: 0.087097 ms MarkObjects: 1.922116 ms  DeleteObjects: 0.858197 ms)

AssetImportParameters requested are different than current active one (requested -> active):
  custom:graphics/normal-map-encoding: 01000000000000000000000000000000 -> 02000000000000000000000000000000
========================================================================
Received Prepare
Shader 'Oculus/OVRMRCameraFrameLit': fallback shader 'Alpha-Diffuse' not found
Refreshing native plugins compatible for Editor in 104.14 ms, found 4 plugins.
Preloading 1 native plugins for Editor in 0.69 ms.
Unloading 37 Unused Serialized files (Serialized files now loaded: 0)
System memory in use before: 149.3 MB.
System memory in use after: 148.6 MB.

Unloading 37 unused Assets to reduce memory usage. Loaded Objects now: 2603.
Total: 4.202253 ms (FindLiveObjects: 0.309295 ms CreateObjectMapping: 0.145089 ms MarkObjects: 2.706707 ms  DeleteObjects: 1.040176 ms)

========================================================================
Received Prepare
Registering precompiled user dll's ...
Registered in 0.010635 seconds.
Begin MonoManager ReloadAssembly
Native extension for OSXStandalone target not found
Native extension for WebGL target not found
Refreshing native plugins compatible for Editor in 1.14 ms, found 4 plugins.
Preloading 1 native plugins for Editor in 1.04 ms.
Mono: successfully reloaded assembly
- Completed reload, in  1.606 seconds
Platform modules already initialized, skipping
Switching build target platform(2) subTarget(0) extendedPlatform(0) -> platform(13) subTarget(524294) extendedPlatform(0)
Shader 'Oculus/OVRMRCameraFrameLit': fallback shader 'Alpha-Diffuse' not found
Refreshing native plugins compatible for Editor in 0.86 ms, found 4 plugins.
Preloading 1 native plugins for Editor in 0.85 ms.
Unloading 2089 Unused Serialized files (Serialized files now loaded: 0)
System memory in use before: 190.1 MB.
System memory in use after: 189.4 MB.

Unloading 40 unused Assets to reduce memory usage. Loaded Objects now: 2607.
Total: 3.173606 ms (FindLiveObjects: 0.329802 ms CreateObjectMapping: 0.096242 ms MarkObjects: 1.866054 ms  DeleteObjects: 0.880594 ms)

AssetImportParameters requested are different than current active one (requested -> active):
  custom:graphics/normal-map-encoding: 01000000000000000000000000000000 -> 02000000000000000000000000000000
========================================================================
Received Prepare
Shader 'Oculus/OVRMRCameraFrameLit': fallback shader 'Alpha-Diffuse' not found
Refreshing native plugins compatible for Editor in 21.57 ms, found 4 plugins.
Preloading 1 native plugins for Editor in 0.60 ms.
Unloading 37 Unused Serialized files (Serialized files now loaded: 0)
System memory in use before: 149.5 MB.
System memory in use after: 148.8 MB.

Unloading 37 unused Assets to reduce memory usage. Loaded Objects now: 2607.
Total: 3.594983 ms (FindLiveObjects: 0.277814 ms CreateObjectMapping: 0.085655 ms MarkObjects: 2.330938 ms  DeleteObjects: 0.899979 ms)

========================================================================
Received Prepare
Registering precompiled user dll's ...
Registered in 0.007082 seconds.
Begin MonoManager ReloadAssembly
Native extension for OSXStandalone target not found
Native extension for WebGL target not found
Refreshing native plugins compatible for Editor in 0.86 ms, found 4 plugins.
Preloading 1 native plugins for Editor in 0.87 ms.
Mono: successfully reloaded assembly
- Completed reload, in  1.475 seconds
Platform modules already initialized, skipping
Switching build target platform(2) subTarget(0) extendedPlatform(0) -> platform(13) subTarget(524294) extendedPlatform(0)
Shader 'Oculus/OVRMRCameraFrameLit': fallback shader 'Alpha-Diffuse' not found
Refreshing native plugins compatible for Editor in 1.27 ms, found 4 plugins.
Preloading 1 native plugins for Editor in 1.65 ms.
Unloading 2089 Unused Serialized files (Serialized files now loaded: 0)
System memory in use before: 190.3 MB.
System memory in use after: 189.5 MB.

Unloading 40 unused Assets to reduce memory usage. Loaded Objects now: 2611.
Total: 3.483311 ms (FindLiveObjects: 0.312273 ms CreateObjectMapping: 0.103003 ms MarkObjects: 2.112270 ms  DeleteObjects: 0.954653 ms)

AssetImportParameters requested are different than current active one (requested -> active):
  custom:graphics/normal-map-encoding: 01000000000000000000000000000000 -> 02000000000000000000000000000000
========================================================================
Received Prepare
Shader 'Oculus/OVRMRCameraFrameLit': fallback shader 'Alpha-Diffuse' not found
Refreshing native plugins compatible for Editor in 51.64 ms, found 4 plugins.
Preloading 1 native plugins for Editor in 0.53 ms.
Unloading 37 Unused Serialized files (Serialized files now loaded: 0)
System memory in use before: 149.6 MB.
System memory in use after: 148.9 MB.

Unloading 37 unused Assets to reduce memory usage. Loaded Objects now: 2611.
Total: 3.141497 ms (FindLiveObjects: 0.228077 ms CreateObjectMapping: 0.086475 ms MarkObjects: 1.917119 ms  DeleteObjects: 0.908955 ms)

========================================================================
Received Prepare
Shader 'Oculus/OVRMRCameraFrameLit': fallback shader 'Alpha-Diffuse' not found
Refreshing native plugins compatible for Editor in 95.85 ms, found 4 plugins.
Preloading 1 native plugins for Editor in 1.49 ms.
Unloading 37 Unused Serialized files (Serialized files now loaded: 0)
System memory in use before: 149.7 MB.
System memory in use after: 149.0 MB.

Unloading 37 unused Assets to reduce memory usage. Loaded Objects now: 2611.
Total: 22.511368 ms (FindLiveObjects: 0.925873 ms CreateObjectMapping: 0.122936 ms MarkObjects: 20.362448 ms  DeleteObjects: 1.098771 ms)

========================================================================
Received Prepare
Shader 'Oculus/OVRMRCameraFrameLit': fallback shader 'Alpha-Diffuse' not found
Refreshing native plugins compatible for Editor in 19.64 ms, found 4 plugins.
Preloading 1 native plugins for Editor in 0.77 ms.
Unloading 37 Unused Serialized files (Serialized files now loaded: 0)
System memory in use before: 149.7 MB.
System memory in use after: 149.0 MB.

Unloading 37 unused Assets to reduce memory usage. Loaded Objects now: 2611.
Total: 5.966980 ms (FindLiveObjects: 0.468067 ms CreateObjectMapping: 0.202825 ms MarkObjects: 3.844401 ms  DeleteObjects: 1.450531 ms)

========================================================================
Received Prepare
Shader 'Oculus/OVRMRCameraFrameLit': fallback shader 'Alpha-Diffuse' not found
Refreshing native plugins compatible for Editor in 28.66 ms, found 4 plugins.
Preloading 1 native plugins for Editor in 0.94 ms.
Unloading 37 Unused Serialized files (Serialized files now loaded: 0)
System memory in use before: 149.7 MB.
System memory in use after: 149.0 MB.

Unloading 37 unused Assets to reduce memory usage. Loaded Objects now: 2611.
Total: 4.994489 ms (FindLiveObjects: 0.677992 ms CreateObjectMapping: 0.089516 ms MarkObjects: 3.185860 ms  DeleteObjects: 1.039865 ms)

========================================================================
Received Prepare
Registering precompiled user dll's ...
Registered in 0.012573 seconds.
Begin MonoManager ReloadAssembly
Native extension for OSXStandalone target not found
Native extension for WebGL target not found
Refreshing native plugins compatible for Editor in 0.80 ms, found 4 plugins.
Preloading 1 native plugins for Editor in 0.84 ms.
Mono: successfully reloaded assembly
- Completed reload, in  1.588 seconds
Platform modules already initialized, skipping
Switching build target platform(2) subTarget(0) extendedPlatform(0) -> platform(13) subTarget(524294) extendedPlatform(0)
Shader 'Oculus/OVRMRCameraFrameLit': fallback shader 'Alpha-Diffuse' not found
Refreshing native plugins compatible for Editor in 0.80 ms, found 4 plugins.
Preloading 1 native plugins for Editor in 0.52 ms.
Unloading 2089 Unused Serialized files (Serialized files now loaded: 0)
System memory in use before: 190.6 MB.
System memory in use after: 189.9 MB.

Unloading 40 unused Assets to reduce memory usage. Loaded Objects now: 2615.
Total: 4.206108 ms (FindLiveObjects: 0.442665 ms CreateObjectMapping: 0.116647 ms MarkObjects: 2.710658 ms  DeleteObjects: 0.935121 ms)

AssetImportParameters requested are different than current active one (requested -> active):
  custom:graphics/normal-map-encoding: 01000000000000000000000000000000 -> 02000000000000000000000000000000
========================================================================
Received Prepare
Shader 'Oculus/OVRMRCameraFrameLit': fallback shader 'Alpha-Diffuse' not found
Refreshing native plugins compatible for Editor in 212.77 ms, found 4 plugins.
Preloading 1 native plugins for Editor in 0.68 ms.
Unloading 37 Unused Serialized files (Serialized files now loaded: 0)
System memory in use before: 150.0 MB.
System memory in use after: 149.3 MB.

Unloading 37 unused Assets to reduce memory usage. Loaded Objects now: 2615.
Total: 4.310371 ms (FindLiveObjects: 0.412791 ms CreateObjectMapping: 0.136923 ms MarkObjects: 2.719526 ms  DeleteObjects: 1.039443 ms)

========================================================================
Received Import Request.
  Time since last request: 5689.927979 seconds.
  path: Assets/Nokobot/Modern Guns - Handgun/_Demo Assets/SimpleShoot.cs
  artifactKey: Guid(6be84e4d7829855419c06b94e56bd135) Importer(815301076,1909f56bfc062723c751e8b465ee728b)
Start importing Assets/Nokobot/Modern Guns - Handgun/_Demo Assets/SimpleShoot.cs using Guid(6be84e4d7829855419c06b94e56bd135) Importer(815301076,1909f56bfc062723c751e8b465ee728b)  -> (artifact id: '1e1cd3225025467db7390f601137960c') in 0.075847 seconds
  Import took 0.137038 seconds .

========================================================================
Received Prepare
Shader 'Oculus/OVRMRCameraFrameLit': fallback shader 'Alpha-Diffuse' not found
Refreshing native plugins compatible for Editor in 115.69 ms, found 4 plugins.
Preloading 1 native plugins for Editor in 1.35 ms.
Unloading 37 Unused Serialized files (Serialized files now loaded: 0)
System memory in use before: 150.2 MB.
System memory in use after: 149.5 MB.

Unloading 37 unused Assets to reduce memory usage. Loaded Objects now: 2615.
Total: 44.920777 ms (FindLiveObjects: 0.836385 ms CreateObjectMapping: 0.114709 ms MarkObjects: 42.916889 ms  DeleteObjects: 1.051426 ms)

========================================================================
Received Prepare
Shader 'Oculus/OVRMRCameraFrameLit': fallback shader 'Alpha-Diffuse' not found
Refreshing native plugins compatible for Editor in 134.93 ms, found 4 plugins.
Preloading 1 native plugins for Editor in 1.31 ms.
Unloading 37 Unused Serialized files (Serialized files now loaded: 0)
System memory in use before: 150.3 MB.
System memory in use after: 149.5 MB.

Unloading 37 unused Assets to reduce memory usage. Loaded Objects now: 2615.
Total: 23.525956 ms (FindLiveObjects: 1.029325 ms CreateObjectMapping: 0.140665 ms MarkObjects: 21.320071 ms  DeleteObjects: 1.034370 ms)

